<?xml version="1.0" encoding="UTF-8"?>
<testsuite xmlns:xsi="http://www.w3.org/2001/XMLSchema-instance" xsi:noNamespaceSchemaLocation="https://maven.apache.org/surefire/maven-surefire-plugin/xsd/surefire-test-report-3.0.xsd" version="3.0" name="br.ufes.projetos01.FuncionarioBonusTest" time="0.106" tests="38" errors="0" skipped="0" failures="0">
  <properties>
[...]
</properties>
  <testcase name="CT001(String)[1]" classname="br.ufes.projetos01.FuncionarioBonusTest" time="0.026"/>
  <testcase name="CT001(String)[2]" classname="br.ufes.projetos01.FuncionarioBonusTest" time="0.001"/>
  <testcase name="CT001(String)[3]" classname="br.ufes.projetos01.FuncionarioBonusTest" time="0"/>
  <testcase name="CT002(String)[1]" classname="br.ufes.projetos01.FuncionarioBonusTest" time="0.001"/>
  <testcase name="CT002(String)[2]" classname="br.ufes.projetos01.FuncionarioBonusTest" time="0"/>
  <testcase name="CT002(String)[3]" classname="br.ufes.projetos01.FuncionarioBonusTest" time="0"/>
  <testcase name="CT003(Double)[1]" classname="br.ufes.projetos01.FuncionarioBonusTest" time="0"/>
  <testcase name="CT003(Double)[2]" classname="br.ufes.projetos01.FuncionarioBonusTest" time="0"/>
  <testcase name="CT003(Double)[3]" classname="br.ufes.projetos01.FuncionarioBonusTest" time="0"/>
  <testcase name="CT003(Double)[4]" classname="br.ufes.projetos01.FuncionarioBonusTest" time="0"/>
  <testcase name="CT004(Double)[1]" classname="br.ufes.projetos01.FuncionarioBonusTest" time="0.001"/>
  <testcase name="CT004(Double)[2]" classname="br.ufes.projetos01.FuncionarioBonusTest" time="0.001"/>
  <testcase name="CT004(Double)[3]" classname="br.ufes.projetos01.FuncionarioBonusTest" time="0.001"/>
  <testcase name="CT004(Double)[4]" classname="br.ufes.projetos01.FuncionarioBonusTest" time="0.001"/>
  <testcase name="CT004(Double)[5]" classname="br.ufes.projetos01.FuncionarioBonusTest" time="0.001"/>
  <testcase name="CT004(Double)[6]" classname="br.ufes.projetos01.FuncionarioBonusTest" time="0.001"/>
  <testcase name="CT005(String, double, double)[1]" classname="br.ufes.projetos01.FuncionarioBonusTest" time="0.004"/>
  <testcase name="CT005(String, double, double)[2]" classname="br.ufes.projetos01.FuncionarioBonusTest" time="0"/>
  <testcase name="CT005(String, double, double)[3]" classname="br.ufes.projetos01.FuncionarioBonusTest" time="0"/>
  <testcase name="CT006(String)[1]" classname="br.ufes.projetos01.FuncionarioBonusTest" time="0"/>
  <testcase name="CT006(String)[2]" classname="br.ufes.projetos01.FuncionarioBonusTest" time="0"/>
  <testcase name="CT006(String)[3]" classname="br.ufes.projetos01.FuncionarioBonusTest" time="0"/>
  <testcase name="CT006(String)[4]" classname="br.ufes.projetos01.FuncionarioBonusTest" time="0"/>
  <testcase name="CT006(String)[5]" classname="br.ufes.projetos01.FuncionarioBonusTest" time="0.001"/>
  <testcase name="CT007(int, double, double)[1]" classname="br.ufes.projetos01.FuncionarioBonusTest" time="0"/>
  <testcase name="CT007(int, double, double)[2]" classname="br.ufes.projetos01.FuncionarioBonusTest" time="0.001"/>
  <testcase name="CT007(int, double, double)[3]" classname="br.ufes.projetos01.FuncionarioBonusTest" time="0"/>
  <testcase name="CT007(int, double, double)[4]" classname="br.ufes.projetos01.FuncionarioBonusTest" time="0"/>
  <testcase name="CT008(int)[1]" classname="br.ufes.projetos01.FuncionarioBonusTest" time="0.001"/>
  <testcase name="CT008(int)[2]" classname="br.ufes.projetos01.FuncionarioBonusTest" time="0.001"/>
  <testcase name="CT008(int)[3]" classname="br.ufes.projetos01.FuncionarioBonusTest" time="0"/>
  <testcase name="CT009(int, double, double)[1]" classname="br.ufes.projetos01.FuncionarioBonusTest" time="0.001"/>
  <testcase name="CT009(int, double, double)[2]" classname="br.ufes.projetos01.FuncionarioBonusTest" time="0.001"/>
  <testcase name="CT009(int, double, double)[3]" classname="br.ufes.projetos01.FuncionarioBonusTest" time="0.001"/>
  <testcase name="CT009(int, double, double)[4]" classname="br.ufes.projetos01.FuncionarioBonusTest" time="0.001"/>
  <testcase name="CT009(int, double, double)[5]" classname="br.ufes.projetos01.FuncionarioBonusTest" time="0"/>
  <testcase name="CT010(int)[1]" classname="br.ufes.projetos01.FuncionarioBonusTest" time="0.001"/>
  <testcase name="CT010(int)[2]" classname="br.ufes.projetos01.FuncionarioBonusTest" time="0.001"/>
</testsuite>